This is pdfTeX, Version 3.14159265-2.6-1.40.20 (MiKTeX 2.9.7140 64-bit) (preloaded format=pdflatex 2019.9.17)  7 NOV 2019 22:56
entering extended mode
**./primeravance..1.tex
(primeravance..1.tex
LaTeX2e <2018-12-01>
("C:\Program Files\MiKTeX 2.9\tex/latex/base\article.cls"
Document Class: article 2018/09/03 v1.4i Standard LaTeX document class
("C:\Program Files\MiKTeX 2.9\tex/latex/base\size12.clo"
File: size12.clo 2018/09/03 v1.4i Standard LaTeX file (size option)
)
\c@part=\count80
\c@section=\count81
\c@subsection=\count82
\c@subsubsection=\count83
\c@paragraph=\count84
\c@subparagraph=\count85
\c@figure=\count86
\c@table=\count87
\abovecaptionskip=\skip41
\belowcaptionskip=\skip42
\bibindent=\dimen102
)
("C:\Program Files\MiKTeX 2.9\tex/latex/base\inputenc.sty"
Package: inputenc 2018/08/11 v1.3c Input encoding file
\inpenc@prehook=\toks14
\inpenc@posthook=\toks15
)
("C:\Program Files\MiKTeX 2.9\tex/generic/babel\babel.sty"
Package: babel 2019/07/19 3.33 The Babel package

("C:\Program Files\MiKTeX 2.9\tex/generic/babel\switch.def"
File: switch.def 2019/07/19 3.33 Babel switching mechanism
)
*************************************
* Local config file bblopts.cfg used
*
("C:\Program Files\MiKTeX 2.9\tex/latex/arabi\bblopts.cfg"
File: bblopts.cfg 2005/09/08 v0.1 add Arabic and Farsi to "declared" options of
 babel
)
("C:\Program Files\MiKTeX 2.9\tex/latex/babel-spanish\spanish.ldf"
Language: spanish.ldf 2016/03/03 v5.0p Spanish support from the babel system

("C:\Program Files\MiKTeX 2.9\tex/generic/babel\babel.def"
File: babel.def 2019/07/19 3.33 Babel common definitions
\babel@savecnt=\count88
\U@D=\dimen103

("C:\Program Files\MiKTeX 2.9\tex/generic/babel\txtbabel.def")
\bbl@dirlevel=\count89
)
\es@quottoks=\toks16
\es@quotdepth=\count90
Package babel Info: Making " an active character on input line 561.
Package babel Info: Making . an active character on input line 662.
Package babel Info: Making < an active character on input line 707.
Package babel Info: Making > an active character on input line 707.
))
("C:\Program Files\MiKTeX 2.9\tex/latex/amsmath\amsmath.sty"
Package: amsmath 2018/12/01 v2.17b AMS math features
\@mathmargin=\skip43

For additional information on amsmath, use the `?' option.
("C:\Program Files\MiKTeX 2.9\tex/latex/amsmath\amstext.sty"
Package: amstext 2000/06/29 v2.01 AMS text

("C:\Program Files\MiKTeX 2.9\tex/latex/amsmath\amsgen.sty"
File: amsgen.sty 1999/11/30 v2.0 generic functions
\@emptytoks=\toks17
\ex@=\dimen104
))
("C:\Program Files\MiKTeX 2.9\tex/latex/amsmath\amsbsy.sty"
Package: amsbsy 1999/11/29 v1.2d Bold Symbols
\pmbraise@=\dimen105
)
("C:\Program Files\MiKTeX 2.9\tex/latex/amsmath\amsopn.sty"
Package: amsopn 2016/03/08 v2.02 operator names
)
\inf@bad=\count91
LaTeX Info: Redefining \frac on input line 223.
\uproot@=\count92
\leftroot@=\count93
LaTeX Info: Redefining \overline on input line 385.
\classnum@=\count94
\DOTSCASE@=\count95
LaTeX Info: Redefining \ldots on input line 482.
LaTeX Info: Redefining \dots on input line 485.
LaTeX Info: Redefining \cdots on input line 606.
\Mathstrutbox@=\box27
\strutbox@=\box28
\big@size=\dimen106
LaTeX Font Info:    Redeclaring font encoding OML on input line 729.
LaTeX Font Info:    Redeclaring font encoding OMS on input line 730.
\macc@depth=\count96
\c@MaxMatrixCols=\count97
\dotsspace@=\muskip10
\c@parentequation=\count98
\dspbrk@lvl=\count99
\tag@help=\toks18
\row@=\count100
\column@=\count101
\maxfields@=\count102
\andhelp@=\toks19
\eqnshift@=\dimen107
\alignsep@=\dimen108
\tagshift@=\dimen109
\tagwidth@=\dimen110
\totwidth@=\dimen111
\lineht@=\dimen112
\@envbody=\toks20
\multlinegap=\skip44
\multlinetaggap=\skip45
\mathdisplay@stack=\toks21
LaTeX Info: Redefining \[ on input line 2844.
LaTeX Info: Redefining \] on input line 2845.
)
("C:\Program Files\MiKTeX 2.9\tex/latex/amsfonts\amsfonts.sty"
Package: amsfonts 2013/01/14 v3.01 Basic AMSFonts support
\symAMSa=\mathgroup4
\symAMSb=\mathgroup5
LaTeX Font Info:    Overwriting math alphabet `\mathfrak' in version `bold'
(Font)                  U/euf/m/n --> U/euf/b/n on input line 106.
)
("C:\Program Files\MiKTeX 2.9\tex/latex/amsfonts\amssymb.sty"
Package: amssymb 2013/01/14 v3.01 AMS font symbols
)
("C:\Program Files\MiKTeX 2.9\tex/latex/base\makeidx.sty"
Package: makeidx 2014/09/29 v1.0m Standard LaTeX package
)
("C:\Program Files\MiKTeX 2.9\tex/latex/graphics\graphicx.sty"
Package: graphicx 2017/06/01 v1.1a Enhanced LaTeX Graphics (DPC,SPQR)

("C:\Program Files\MiKTeX 2.9\tex/latex/graphics\keyval.sty"
Package: keyval 2014/10/28 v1.15 key=value parser (DPC)
\KV@toks@=\toks22
)
("C:\Program Files\MiKTeX 2.9\tex/latex/graphics\graphics.sty"
Package: graphics 2017/06/25 v1.2c Standard LaTeX Graphics (DPC,SPQR)

("C:\Program Files\MiKTeX 2.9\tex/latex/graphics\trig.sty"
Package: trig 2016/01/03 v1.10 sin cos tan (DPC)
)
("C:\Program Files\MiKTeX 2.9\tex/latex/graphics-cfg\graphics.cfg"
File: graphics.cfg 2016/06/04 v1.11 sample graphics configuration
)
Package graphics Info: Driver file: pdftex.def on input line 99.

("C:\Program Files\MiKTeX 2.9\tex/latex/graphics-def\pdftex.def"
File: pdftex.def 2018/01/08 v1.0l Graphics/color driver for pdftex
))
\Gin@req@height=\dimen113
\Gin@req@width=\dimen114
)
("C:\Program Files\MiKTeX 2.9\tex/latex/geometry\geometry.sty"
Package: geometry 2018/04/16 v5.8 Page Geometry

("C:\Program Files\MiKTeX 2.9\tex/generic/oberdiek\ifpdf.sty"
Package: ifpdf 2018/09/07 v3.3 Provides the ifpdf switch
)
("C:\Program Files\MiKTeX 2.9\tex/generic/oberdiek\ifvtex.sty"
Package: ifvtex 2016/05/16 v1.6 Detect VTeX and its facilities (HO)
Package ifvtex Info: VTeX not detected.
)
("C:\Program Files\MiKTeX 2.9\tex/generic/ifxetex\ifxetex.sty"
Package: ifxetex 2010/09/12 v0.6 Provides ifxetex conditional
)
\Gm@cnth=\count103
\Gm@cntv=\count104
\c@Gm@tempcnt=\count105
\Gm@bindingoffset=\dimen115
\Gm@wd@mp=\dimen116
\Gm@odd@mp=\dimen117
\Gm@even@mp=\dimen118
\Gm@layoutwidth=\dimen119
\Gm@layoutheight=\dimen120
\Gm@layouthoffset=\dimen121
\Gm@layoutvoffset=\dimen122
\Gm@dimlist=\toks23

("C:\Program Files\MiKTeX 2.9\tex/latex/geometry\geometry.cfg"))
("C:\Users\ronal\OneDrive\Escritorio\materias 7mo\BENJAMIN.ENCISO.GUERRERO.(cin
ematica de ronbots)\PROYECTO\PRIMER AVANCE\build\primeravance..1.aux"
LaTeX Info: Redefining \. on input line 6.
LaTeX Info: Redefining \% on input line 6.
)
\openout1 = `primeravance..1.aux'.

LaTeX Font Info:    Checking defaults for OML/cmm/m/it on input line 13.
LaTeX Font Info:    ... okay on input line 13.
LaTeX Font Info:    Checking defaults for T1/cmr/m/n on input line 13.
LaTeX Font Info:    ... okay on input line 13.
LaTeX Font Info:    Checking defaults for OT1/cmr/m/n on input line 13.
LaTeX Font Info:    ... okay on input line 13.
LaTeX Font Info:    Checking defaults for OMS/cmsy/m/n on input line 13.
LaTeX Font Info:    ... okay on input line 13.
LaTeX Font Info:    Checking defaults for OMX/cmex/m/n on input line 13.
LaTeX Font Info:    ... okay on input line 13.
LaTeX Font Info:    Checking defaults for U/cmr/m/n on input line 13.
LaTeX Font Info:    ... okay on input line 13.
LaTeX Info: Redefining \. on input line 13.
LaTeX Info: Redefining \% on input line 13.

("C:\Program Files\MiKTeX 2.9\tex/context/base/mkii\supp-pdf.mkii"
[Loading MPS to PDF converter (version 2006.09.02).]
\scratchcounter=\count106
\scratchdimen=\dimen123
\scratchbox=\box29
\nofMPsegments=\count107
\nofMParguments=\count108
\everyMPshowfont=\toks24
\MPscratchCnt=\count109
\MPscratchDim=\dimen124
\MPnumerator=\count110
\makeMPintoPDFobject=\count111
\everyMPtoPDFconversion=\toks25
) ("C:\Program Files\MiKTeX 2.9\tex/latex/oberdiek\epstopdf-base.sty"
Package: epstopdf-base 2016/05/15 v2.6 Base part for package epstopdf

("C:\Program Files\MiKTeX 2.9\tex/generic/oberdiek\infwarerr.sty"
Package: infwarerr 2016/05/16 v1.4 Providing info/warning/error messages (HO)
)
("C:\Program Files\MiKTeX 2.9\tex/latex/oberdiek\grfext.sty"
Package: grfext 2016/05/16 v1.2 Manage graphics extensions (HO)

("C:\Program Files\MiKTeX 2.9\tex/generic/oberdiek\kvdefinekeys.sty"
Package: kvdefinekeys 2016/05/16 v1.4 Define keys (HO)

("C:\Program Files\MiKTeX 2.9\tex/generic/oberdiek\ltxcmds.sty"
Package: ltxcmds 2016/05/16 v1.23 LaTeX kernel commands for general use (HO)
)))
("C:\Program Files\MiKTeX 2.9\tex/latex/oberdiek\kvoptions.sty"
Package: kvoptions 2016/05/16 v3.12 Key value format for package options (HO)

("C:\Program Files\MiKTeX 2.9\tex/generic/oberdiek\kvsetkeys.sty"
Package: kvsetkeys 2016/05/16 v1.17 Key value parser (HO)

("C:\Program Files\MiKTeX 2.9\tex/generic/oberdiek\etexcmds.sty"
Package: etexcmds 2016/05/16 v1.6 Avoid name clashes with e-TeX commands (HO)

("C:\Program Files\MiKTeX 2.9\tex/generic/oberdiek\ifluatex.sty"
Package: ifluatex 2016/05/16 v1.4 Provides the ifluatex switch (HO)
Package ifluatex Info: LuaTeX not detected.
))))
("C:\Program Files\MiKTeX 2.9\tex/generic/oberdiek\pdftexcmds.sty"
Package: pdftexcmds 2019/07/25 v0.30 Utility functions of pdfTeX for LuaTeX (HO
)
Package pdftexcmds Info: LuaTeX not detected.
Package pdftexcmds Info: \pdf@primitive is available.
Package pdftexcmds Info: \pdf@ifprimitive is available.
Package pdftexcmds Info: \pdfdraftmode found.
)
Package epstopdf-base Info: Redefining graphics rule for `.eps' on input line 4
38.
Package grfext Info: Graphics extension search list:
(grfext)             [.pdf,.png,.jpg,.mps,.jpeg,.jbig2,.jb2,.PDF,.PNG,.JPG,.JPE
G,.JBIG2,.JB2,.eps]
(grfext)             \AppendGraphicsExtensions on input line 456.
)
*geometry* driver: auto-detecting
*geometry* detected driver: pdftex
*geometry* verbose mode - [ preamble ] result:
* driver: pdftex
* paper: letterpaper
* layout: <same size as paper>
* layoutoffset:(h,v)=(0.0pt,0.0pt)
* modes: 
* h-part:(L,W,R)=(56.9055pt, 500.484pt, 56.9055pt)
* v-part:(T,H,B)=(56.9055pt, 681.15898pt, 56.9055pt)
* \paperwidth=614.295pt
* \paperheight=794.96999pt
* \textwidth=500.484pt
* \textheight=681.15898pt
* \oddsidemargin=-15.36449pt
* \evensidemargin=-15.36449pt
* \topmargin=-52.36449pt
* \headheight=12.0pt
* \headsep=25.0pt
* \topskip=12.0pt
* \footskip=30.0pt
* \marginparwidth=44.0pt
* \marginparsep=10.0pt
* \columnsep=10.0pt
* \skip\footins=10.8pt plus 4.0pt minus 2.0pt
* \hoffset=0.0pt
* \voffset=0.0pt
* \mag=1000
* \@twocolumnfalse
* \@twosidefalse
* \@mparswitchfalse
* \@reversemarginfalse
* (1in=72.27pt=25.4mm, 1cm=28.453pt)

<up1.jpg, id=1, 209.78375pt x 241.90375pt>
File: up1.jpg Graphic file (type jpg)
<use up1.jpg>
Package pdftex.def Info: up1.jpg  used on input line 22.
(pdftex.def)             Requested size: 419.56644pt x 483.8063pt.

Underfull \hbox (badness 10000) in paragraph at lines 25--36

 []


Underfull \hbox (badness 10000) in paragraph at lines 25--36

 []


Underfull \hbox (badness 10000) in paragraph at lines 25--36

 []


Underfull \hbox (badness 10000) in paragraph at lines 25--36

 []

[1

{C:/Users/ronal/AppData/Local/MiKTeX/2.9/pdftex/config/pdftex.map} <./up1.jpg>]
 [2]
Underfull \hbox (badness 10000) in paragraph at lines 43--56

 []


Underfull \hbox (badness 10000) in paragraph at lines 43--56

 []


Underfull \hbox (badness 10000) in paragraph at lines 43--56

 []


Underfull \hbox (badness 10000) in paragraph at lines 43--56

 []


Underfull \hbox (badness 10000) in paragraph at lines 43--56

 []


Underfull \hbox (badness 10000) in paragraph at lines 43--56

 []

[3]
<../../../../final/imag6.jpg, id=14, 490.83376pt x 325.215pt>
File: ../../../../final/imag6.jpg Graphic file (type jpg)
<use ../../../../final/imag6.jpg>
Package pdftex.def Info: ../../../../final/imag6.jpg  used on input line 71.
(pdftex.def)             Requested size: 490.83255pt x 325.2142pt.

Underfull \hbox (badness 10000) in paragraph at lines 60--72

 []


Underfull \hbox (badness 10000) in paragraph at lines 60--72

 []

<../../../../final/imag7.PNG, id=15, 377.91188pt x 131.74219pt>
File: ../../../../final/imag7.PNG Graphic file (type png)
<use ../../../../final/imag7.PNG>
Package pdftex.def Info: ../../../../final/imag7.PNG  used on input line 81.
(pdftex.def)             Requested size: 491.28539pt x 171.2648pt.
<../../../../final/imag8.png, id=17, 1028.34187pt x 578.16pt>
File: ../../../../final/imag8.png Graphic file (type png)
<use ../../../../final/imag8.png>
Package pdftex.def Info: ../../../../final/imag8.png  used on input line 85.
(pdftex.def)             Requested size: 514.16968pt x 289.07928pt.

Underfull \hbox (badness 10000) in paragraph at lines 75--86

 []


Underfull \hbox (badness 10000) in paragraph at lines 75--86

 []


Underfull \hbox (badness 10000) in paragraph at lines 75--86

 []


Overfull \hbox (13.68568pt too wide) in paragraph at lines 75--86
[] 
 []

[4 <../../../../final/imag6.jpg>] [5 <../../../../final/imag7.PNG> <../../../..
/final/imag8.png>]
<../../../../final/image9.png, id=25, 1028.34187pt x 578.16pt>
File: ../../../../final/image9.png Graphic file (type png)
<use ../../../../final/image9.png>
Package pdftex.def Info: ../../../../final/image9.png  used on input line 91.
(pdftex.def)             Requested size: 483.32076pt x 271.73523pt.

Overfull \hbox (0.46158pt too wide) in paragraph at lines 91--93
[][] 
 []


Underfull \hbox (badness 10000) in paragraph at lines 91--93

 []

<../../../../final/imag10.png, id=26, 1028.34187pt x 578.16pt>
File: ../../../../final/imag10.png Graphic file (type png)
<use ../../../../final/imag10.png>
Package pdftex.def Info: ../../../../final/imag10.png  used on input line 98.
(pdftex.def)             Requested size: 483.32076pt x 271.73523pt.

Underfull \hbox (badness 10000) in paragraph at lines 96--99

 []

[6 <../../../../final/image9.png> <../../../../final/imag10.png>]
Underfull \hbox (badness 10000) in paragraph at lines 104--106

 []


Underfull \hbox (badness 10000) in paragraph at lines 104--106

 []

<../../../../final/img11.jpg, id=30, 699.36281pt x 566.86781pt>
File: ../../../../final/img11.jpg Graphic file (type jpg)
<use ../../../../final/img11.jpg>
Package pdftex.def Info: ../../../../final/img11.jpg  used on input line 107.
(pdftex.def)             Requested size: 419.62093pt x 340.1233pt.
[7 <../../../../final/img11.jpg>]
Underfull \hbox (badness 10000) in paragraph at lines 115--120

 []


Underfull \hbox (badness 10000) in paragraph at lines 115--120

 []

[8]
Underfull \hbox (badness 10000) in paragraph at lines 155--173

 []


Underfull \hbox (badness 10000) in paragraph at lines 155--173

 []


Underfull \hbox (badness 10000) in paragraph at lines 155--173

 []


Underfull \hbox (badness 10000) in paragraph at lines 155--173

 []


Underfull \hbox (badness 10000) in paragraph at lines 155--173

 []

<../../../../final/imag1.png, id=38, 388.45125pt x 341.77687pt>
File: ../../../../final/imag1.png Graphic file (type png)
<use ../../../../final/imag1.png>
Package pdftex.def Info: ../../../../final/imag1.png  used on input line 175.
(pdftex.def)             Requested size: 310.76141pt x 273.42186pt.
[9 <../../../../final/imag1.png>]
Underfull \hbox (badness 10000) in paragraph at lines 184--200

 []


Underfull \hbox (badness 10000) in paragraph at lines 184--200

 []


Underfull \hbox (badness 10000) in paragraph at lines 184--200

 []


Underfull \hbox (badness 10000) in paragraph at lines 184--200

 []


Underfull \hbox (badness 10000) in paragraph at lines 184--200

 []

<../../../../final/imag2.png, id=42, 347.04657pt x 219.82124pt>
File: ../../../../final/imag2.png Graphic file (type png)
<use ../../../../final/imag2.png>
Package pdftex.def Info: ../../../../final/imag2.png  used on input line 202.
(pdftex.def)             Requested size: 347.04572pt x 219.8207pt.
[10 <../../../../final/imag2.png>]
<../../../../final/imag3.png, id=46, 556.32843pt x 329.73187pt>
File: ../../../../final/imag3.png Graphic file (type png)
<use ../../../../final/imag3.png>
Package pdftex.def Info: ../../../../final/imag3.png  used on input line 214.
(pdftex.def)             Requested size: 500.69096pt x 296.75592pt.

Overfull \hbox (0.20697pt too wide) in paragraph at lines 214--215
 [] 
 []

<../../../../final/imag4.png, id=47, 389.20406pt x 400.49625pt>
File: ../../../../final/imag4.png Graphic file (type png)
<use ../../../../final/imag4.png>
Package pdftex.def Info: ../../../../final/imag4.png  used on input line 220.
(pdftex.def)             Requested size: 467.04254pt x 480.5931pt.
[11 <../../../../final/imag3.png>] [12 <../../../../final/imag4.png>]
<../../../../final/imag5.PNG, id=54, 375.65344pt x 213.79875pt>
File: ../../../../final/imag5.PNG Graphic file (type png)
<use ../../../../final/imag5.PNG>
Package pdftex.def Info: ../../../../final/imag5.PNG  used on input line 233.
(pdftex.def)             Requested size: 450.78186pt x 256.5572pt.

Underfull \hbox (badness 10000) in paragraph at lines 227--244

 []


Underfull \hbox (badness 10000) in paragraph at lines 227--244

 []


Underfull \hbox (badness 10000) in paragraph at lines 227--244

 []


Underfull \hbox (badness 10000) in paragraph at lines 227--244

 []


Underfull \hbox (badness 10000) in paragraph at lines 227--244

 []


Underfull \hbox (badness 10000) in paragraph at lines 227--244

 []


Underfull \hbox (badness 10000) in paragraph at lines 227--244

 []


Underfull \hbox (badness 10000) in paragraph at lines 227--244

 []

[13 <../../../../final/imag5.PNG>] [14]
<../../../../final/imag11.PNG, id=63, 283.0575pt x 385.44pt>
File: ../../../../final/imag11.PNG Graphic file (type png)
<use ../../../../final/imag11.PNG>
Package pdftex.def Info: ../../../../final/imag11.PNG  used on input line 258.
(pdftex.def)             Requested size: 283.0568pt x 385.43906pt.
 [15 <../../../../final/imag11.PNG>]
("C:\Users\ronal\OneDrive\Escritorio\materias 7mo\BENJAMIN.ENCISO.GUERRERO.(cin
ematica de ronbots)\PROYECTO\PRIMER AVANCE\build\primeravance..1.aux"
LaTeX Info: Redefining \. on input line 6.
LaTeX Info: Redefining \% on input line 6.
) ) 
Here is how much of TeX's memory you used:
 3825 strings out of 492895
 53178 string characters out of 3133479
 136563 words of memory out of 3000000
 7680 multiletter control sequences out of 15000+200000
 5149 words of font info for 19 fonts, out of 3000000 for 9000
 1141 hyphenation exceptions out of 8191
 41i,5n,31p,628b,361s stack positions out of 5000i,500n,10000p,200000b,50000s
<C:/Program Files/MiKTeX 2.9/fonts/type1/public/amsfonts/cm/cmbx12.pfb><C:/P
rogram Files/MiKTeX 2.9/fonts/type1/public/amsfonts/cm/cmr12.pfb>
Output written on "C:\Users\ronal\OneDrive\Escritorio\materias 7mo\BENJAMIN.ENC
ISO.GUERRERO.(cinematica de ronbots)\PROYECTO\PRIMER AVANCE\build\primeravance.
.1.pdf" (15 pages, 2003219 bytes).
PDF statistics:
 76 PDF objects out of 1000 (max. 8388607)
 0 named destinations out of 1000 (max. 500000)
 66 words of extra memory for PDF output out of 10000 (max. 10000000)

